<?xml version="1.0" encoding="UTF-8"?>
<!-- Generated by org.testng.reporters.JUnitXMLReporter -->
<testsuite ignored="0" hostname="mindallb794" failures="0" tests="1" name="Test1" time="0.075" errors="0" timestamp="2022-11-15T13:36:54 GMT+05:30">
  <testcase classname="runner.MulBrowser" name="@BeforeTest setup" time="-1.668499614573E9">
    <failure type="org.testng.TestNGException" message="
Parameter &amp;apos;browseName&amp;apos; is required by BeforeTest on method setup but has not been marked @Optional or defined
in C:\Users\mindtree2125\git\TravelProjectselenium\travelProject\testng3.xml">
      <![CDATA[org.testng.TestNGException: 
Parameter 'browseName' is required by BeforeTest on method setup but has not been marked @Optional or defined
in C:\Users\mindtree2125\git\TravelProjectselenium\travelProject\testng3.xml
... Removed 21 stack frames]]>
    </failure>
  </testcase> <!-- @BeforeTest setup -->
  <testcase classname="runner.MulBrowser" name="@AfterTest closesetup" time="-1.668499614638E9">
    <skipped/>
  </testcase> <!-- @AfterTest closesetup -->
  <testcase classname="runner.MulBrowser" name="test1" time="0.0">
    <skipped/>
  </testcase> <!-- test1 -->
</testsuite> <!-- Test1 -->
